============================= test session starts =============================
platform win32 -- Python 3.11.9, pytest-9.1.1, pluggy-1.6.0 -- D:\python 3.11\python.exe
cachedir: .pytest_cache
rootdir: D:\attack-trace-system\backend
collecting ... collected 61 items

tests/test_event_schema.py::test_valid_event PASSED                      [  1%]
tests/test_event_schema.py::test_invalid_event PASSED                    [  3%]
tests/test_traffic_analyzers.py::TestDnsAnalyzer::test_name PASSED       [  4%]
tests/test_traffic_analyzers.py::TestDnsAnalyzer::test_normal_dns_no_alert PASSED [  6%]
tests/test_traffic_analyzers.py::TestDnsAnalyzer::test_dns_tunnel_detection PASSED [  8%]
tests/test_traffic_analyzers.py::TestDnsAnalyzer::test_high_nxdomain_ratio PASSED [  9%]
tests/test_traffic_analyzers.py::TestDnsAnalyzer::test_empty_input PASSED [ 11%]
tests/test_traffic_analyzers.py::TestDnsAnalyzer::test_no_dns_events PASSED [ 13%]
tests/test_traffic_analyzers.py::TestDnsAnalyzer::test_missing_dns_info PASSED [ 14%]
tests/test_traffic_analyzers.py::TestHttpAnalyzer::test_name PASSED      [ 16%]
tests/test_traffic_analyzers.py::TestHttpAnalyzer::test_normal_http_no_alert PASSED [ 18%]
tests/test_traffic_analyzers.py::TestHttpAnalyzer::test_suspicious_http_behavior PASSED [ 19%]
tests/test_traffic_analyzers.py::TestHttpAnalyzer::test_beacon_behavior PASSED [ 21%]
tests/test_traffic_analyzers.py::TestHttpAnalyzer::test_empty_input PASSED [ 22%]
tests/test_traffic_analyzers.py::TestHttpAnalyzer::test_no_http_events PASSED [ 24%]
tests/test_traffic_analyzers.py::TestHttpAnalyzer::test_missing_http_info PASSED [ 26%]
tests/test_traffic_analyzers.py::TestIcmpAnalyzer::test_name PASSED      [ 27%]
tests/test_traffic_analyzers.py::TestIcmpAnalyzer::test_normal_icmp_no_alert PASSED [ 29%]
tests/test_traffic_analyzers.py::TestIcmpAnalyzer::test_icmp_tunnel_detection PASSED [ 31%]
tests/test_traffic_analyzers.py::TestIcmpAnalyzer::test_high_frequency_icmp PASSED [ 32%]
tests/test_traffic_analyzers.py::TestIcmpAnalyzer::test_empty_input PASSED [ 34%]
tests/test_traffic_analyzers.py::TestIcmpAnalyzer::test_no_icmp_events PASSED [ 36%]
tests/test_traffic_analyzers.py::TestIcmpAnalyzer::test_bidirectional_icmp PASSED [ 37%]
tests/test_traffic_analyzers.py::TestConnectionAnalyzer::test_name PASSED [ 39%]
tests/test_traffic_analyzers.py::TestConnectionAnalyzer::test_normal_connection_no_alert PASSED [ 40%]
tests/test_traffic_analyzers.py::TestConnectionAnalyzer::test_port_scan_detection PASSED [ 42%]
tests/test_traffic_analyzers.py::TestConnectionAnalyzer::test_mass_connection_detection PASSED [ 44%]
tests/test_traffic_analyzers.py::TestConnectionAnalyzer::test_beacon_connection PASSED [ 45%]
tests/test_traffic_analyzers.py::TestConnectionAnalyzer::test_long_connection PASSED [ 47%]
tests/test_traffic_analyzers.py::TestConnectionAnalyzer::test_empty_input PASSED [ 49%]
tests/test_traffic_analyzers.py::TestConnectionAnalyzer::test_no_network_events PASSED [ 50%]
tests/test_traffic_analyzers.py::TestEdgeCases::test_all_analyzers_empty_input PASSED [ 52%]
tests/test_traffic_analyzers.py::TestEdgeCases::test_all_analyzers_no_traffic_events PASSED [ 54%]
tests/test_traffic_analyzers.py::TestEdgeCases::test_corrupted_event_with_none_network PASSED [ 55%]
tests/test_traffic_analyzers.py::TestEdgeCases::test_zeek_to_dns_analyzer_integration PASSED [ 57%]
tests/test_traffic_analyzers.py::TestEdgeCases::test_suricata_to_analyzer_integration PASSED [ 59%]
tests/test_traffic_analyzers.py::TestEdgeCases::test_dns_tunnel_full_pipeline PASSED [ 60%]
tests/test_traffic_parsers.py::TestPcapParser::test_name_and_source_type PASSED [ 62%]
tests/test_traffic_parsers.py::TestPcapParser::test_parse_basic_pcap PASSED [ 63%]
tests/test_traffic_parsers.py::TestPcapParser::test_parse_udp_dns_packet PASSED [ 65%]
tests/test_traffic_parsers.py::TestPcapParser::test_parse_icmp_packet PASSED [ 67%]
tests/test_traffic_parsers.py::TestPcapParser::test_parse_nonexistent_file PASSED [ 68%]
tests/test_traffic_parsers.py::TestPcapParser::test_parse_empty_file PASSED [ 70%]
tests/test_traffic_parsers.py::TestPcapParser::test_parse_corrupted_file PASSED [ 72%]
tests/test_traffic_parsers.py::TestPcapParser::test_parse_directory PASSED [ 73%]
tests/test_traffic_parsers.py::TestZeekParser::test_name_and_source_type PASSED [ 75%]
tests/test_traffic_parsers.py::TestZeekParser::test_parse_conn_log PASSED [ 77%]
tests/test_traffic_parsers.py::TestZeekParser::test_parse_dns_log PASSED [ 78%]
tests/test_traffic_parsers.py::TestZeekParser::test_parse_http_log PASSED [ 80%]
tests/test_traffic_parsers.py::TestZeekParser::test_parse_ssl_log PASSED [ 81%]
tests/test_traffic_parsers.py::TestZeekParser::test_parse_directory PASSED [ 83%]
tests/test_traffic_parsers.py::TestZeekParser::test_parse_nonexistent_file PASSED [ 85%]
tests/test_traffic_parsers.py::TestZeekParser::test_parse_empty_file PASSED [ 86%]
tests/test_traffic_parsers.py::TestZeekParser::test_parse_missing_fields PASSED [ 88%]
tests/test_traffic_parsers.py::TestSuricataParser::test_name_and_source_type PASSED [ 90%]
tests/test_traffic_parsers.py::TestSuricataParser::test_parse_eve_json PASSED [ 91%]
tests/test_traffic_parsers.py::TestSuricataParser::test_parse_nonexistent_file PASSED [ 93%]
tests/test_traffic_parsers.py::TestSuricataParser::test_parse_empty_file PASSED [ 95%]
tests/test_traffic_parsers.py::TestSuricataParser::test_parse_corrupted_json PASSED [ 96%]
tests/test_traffic_parsers.py::TestSuricataParser::test_parse_unknown_event_type PASSED [ 98%]
tests/test_traffic_parsers.py::TestSuricataParser::test_parse_missing_timestamp PASSED [100%]

============================= 61 passed in 0.85s ==============================
